<?xml version="1.0" encoding="UTF-8"?>
<!-- Generated by org.testng.reporters.JUnitReportReporter -->
<testsuite hostname="Sindhu-PC" failures="0" tests="1" name="com.microsoft.booking.qa.testcases.LoginPageTest" time="15.375" errors="0" timestamp="19 Nov 2020 17:34:42 GMT">
  <testcase classname="com.microsoft.booking.qa.testcases.LoginPageTest" name="loginTest" time="15.375"/>
</testsuite> <!-- com.microsoft.booking.qa.testcases.LoginPageTest -->
